<?xml version="1.0" encoding="UTF-8"?>
<!-- Generated by org.testng.reporters.JUnitReportReporter -->
<testsuite skipped="1" hostname="DESKTOP-LESN69K" name="Testng.testing.Hardseet" tests="1" failures="0" timestamp="2022-03-23T16:00:01 IST" time="0.000" errors="0">
  <testcase name="test1" time="0.000" classname="Testng.testing.Hardseet">
    <skipped/>
  </testcase> <!-- test1 -->
  <system-out/>
</testsuite> <!-- Testng.testing.Hardseet -->
