<?xml version="1.0" encoding="UTF-8"?>
<!-- Generated by org.testng.reporters.JUnitReportReporter -->
<testsuite skipped="1" hostname="DESKTOP-LESN69K" name="Testng.testing.Annoation" tests="1" failures="0" timestamp="2022-03-23T16:00:01 IST" time="0.000" errors="0">
  <testcase name="f" time="0.000" classname="Testng.testing.Annoation">
    <skipped/>
  </testcase> <!-- f -->
  <system-out/>
</testsuite> <!-- Testng.testing.Annoation -->
