<?xml version="1.0" encoding="UTF-8"?>
<!-- Generated by org.testng.reporters.JUnitReportReporter -->
<testsuite skipped="2" hostname="DESKTOP-LESN69K" name="Testng.testing.TestNg" tests="2" failures="0" timestamp="2022-03-23T16:00:01 IST" time="0.000" errors="0">
  <testcase name="test2" time="0.000" classname="Testng.testing.TestNg">
    <skipped/>
  </testcase> <!-- test2 -->
  <system-out/>
  <testcase name="test1" time="0.000" classname="Testng.testing.TestNg">
    <skipped/>
  </testcase> <!-- test1 -->
  <system-out/>
</testsuite> <!-- Testng.testing.TestNg -->
