<?xml version="1.0" encoding="UTF-8"?>
<!-- Generated by org.testng.reporters.JUnitReportReporter -->
<testsuite skipped="0" hostname="DESKTOP-LESN69K" name="Testng.testing.NewTest2" tests="1" failures="0" timestamp="2022-03-23T15:38:57 IST" time="0.010" errors="0">
  <testcase name="f" time="0.010" classname="Testng.testing.NewTest2"/>
  <system-out/>
</testsuite> <!-- Testng.testing.NewTest2 -->
