<?xml version="1.0" encoding="UTF-8"?>
<!-- Generated by org.testng.reporters.JUnitReportReporter -->
<testsuite skipped="0" hostname="DESKTOP-LESN69K" name="Annotation.NewTest1" tests="1" failures="0" timestamp="2022-03-23T15:45:38 IST" time="0.017" errors="0">
  <testcase name="f" time="0.017" classname="Annotation.NewTest1"/>
  <system-out/>
</testsuite> <!-- Annotation.NewTest1 -->
