<?xml version="1.0" encoding="UTF-8"?>
<!-- Generated by org.testng.reporters.JUnitReportReporter -->
<testsuite skipped="0" hostname="DESKTOP-LESN69K" name="Testng.testing.Group2" tests="1" failures="0" timestamp="2022-03-23T17:03:48 IST" time="0.002" errors="0">
  <testcase name="test4" time="0.002" classname="Testng.testing.Group2"/>
  <system-out/>
</testsuite> <!-- Testng.testing.Group2 -->
