<?xml version="1.0" encoding="UTF-8"?>
<!-- Generated by org.testng.reporters.JUnitReportReporter -->
<testsuite skipped="0" hostname="DESKTOP-LESN69K" name="Testng.testing.Group1" tests="2" failures="0" timestamp="2022-03-23T17:03:48 IST" time="0.023" errors="0">
  <testcase name="test1" time="0.013" classname="Testng.testing.Group1"/>
  <system-out/>
  <testcase name="test2" time="0.010" classname="Testng.testing.Group1"/>
  <system-out/>
</testsuite> <!-- Testng.testing.Group1 -->
