<?xml version="1.0" encoding="UTF-8"?>
<!-- Generated by org.testng.reporters.JUnitReportReporter -->
<testsuite skipped="0" hostname="DESKTOP-LESN69K" name="Testng.testing.TestAnnotation" tests="2" failures="0" timestamp="2022-03-23T16:39:05 IST" time="0.024" errors="0">
  <testcase name="Test1" time="0.018" classname="Testng.testing.TestAnnotation"/>
  <system-out/>
  <testcase name="Test2" time="0.006" classname="Testng.testing.TestAnnotation"/>
  <system-out/>
</testsuite> <!-- Testng.testing.TestAnnotation -->
