<?xml version="1.0" encoding="UTF-8"?>
<!-- Generated by org.testng.reporters.JUnitReportReporter -->
<testsuite skipped="7" hostname="DESKTOP-LESN69K" name="Testng.testing.Flight" tests="7" failures="0" timestamp="2022-03-23T16:00:01 IST" time="0.000" errors="0">
  <testcase name="signUp" time="0.000" classname="Testng.testing.Flight">
    <skipped/>
  </testcase> <!-- signUp -->
  <system-out/>
  <testcase name="signIn" time="0.000" classname="Testng.testing.Flight">
    <skipped/>
  </testcase> <!-- signIn -->
  <system-out/>
  <testcase name="seachTicket" time="0.000" classname="Testng.testing.Flight">
    <skipped/>
  </testcase> <!-- seachTicket -->
  <system-out/>
  <testcase name="bookTicket" time="0.000" classname="Testng.testing.Flight">
    <skipped/>
  </testcase> <!-- bookTicket -->
  <system-out/>
  <testcase name="saveTicket" time="0.000" classname="Testng.testing.Flight">
    <skipped/>
  </testcase> <!-- saveTicket -->
  <system-out/>
  <testcase name="payTicket" time="0.000" classname="Testng.testing.Flight">
    <skipped/>
  </testcase> <!-- payTicket -->
  <system-out/>
  <testcase name="logOut" time="0.000" classname="Testng.testing.Flight">
    <skipped/>
  </testcase> <!-- logOut -->
  <system-out/>
</testsuite> <!-- Testng.testing.Flight -->
