<?xml version="1.0" encoding="UTF-8"?>
<!-- Generated by org.testng.reporters.JUnitReportReporter -->
<testsuite skipped="0" hostname="DESKTOP-LESN69K" name="Testing.ParameterBased.DataTest" tests="2" failures="0" timestamp="2022-03-24T15:50:33 IST" time="38.169" errors="0">
  <testcase name="test" time="19.307" classname="Testing.ParameterBased.DataTest"/>
  <system-out/>
  <testcase name="test" time="18.862" classname="Testing.ParameterBased.DataTest"/>
  <system-out/>
</testsuite> <!-- Testing.ParameterBased.DataTest -->
